<?xml version="1.0" encoding="UTF-8"?>
<!-- Generated by org.testng.reporters.JUnitReportReporter -->
<testsuite name="Sel_basic.NewTest" tests="3" time="5.163" ignored="0" failures="0" timestamp="14 Nov 2021 08:08:56 GMT" skipped="0" hostname="LAPTOP-U6D5551G" errors="0">
  <testcase name="Test1" time="1.612" classname="Sel_basic.NewTest"/>
  <testcase name="Test1" time="2.080" classname="Sel_basic.NewTest"/>
  <testcase name="Test1" time="1.471" classname="Sel_basic.NewTest"/>
</testsuite> <!-- Sel_basic.NewTest -->
